<?xml version="1.0" encoding="UTF-8"?>
<robot generator="Robot 4.0.1 (Python 3.9.4 on win32)" generated="20210423 18:00:22.145" rpa="false" schemaversion="2">
<suite id="s1" name="Upload Youtube" source="D:\Youtube\UPLAOD_FILES\youtube\upload_youtube.robot">
<test id="s1-t1" name="Upload Video on Youtube">
<kw name="YOUTUBE">
<kw name="Open Browser" library="Selenium2Library">
<arg>${youtube}</arg>
<arg>Firefox</arg>
<doc>Opens a new browser instance to the optional ``url``.</doc>
<msg timestamp="20210423 18:00:22.550" level="INFO">Opening browser 'Firefox' to base url 'https://www.youtube.com/'.</msg>
<msg timestamp="20210423 18:00:22.552" level="INFO">Firefox driver log is always forced to to: D:\Youtube\UPLAOD_FILES\youtube\geckodriver-7.log</msg>
<status status="PASS" starttime="20210423 18:00:22.550" endtime="20210423 18:00:52.161"/>
</kw>
<kw name="Maximize Browser Window" library="Selenium2Library">
<doc>Maximizes current browser window.</doc>
<status status="PASS" starttime="20210423 18:00:52.162" endtime="20210423 18:00:52.177"/>
</kw>
<kw name="Sleep" library="BuiltIn">
<arg>5s</arg>
<doc>Pauses the test executed for the given time.</doc>
<msg timestamp="20210423 18:00:57.178" level="INFO">Slept 5 seconds</msg>
<status status="PASS" starttime="20210423 18:00:52.177" endtime="20210423 18:00:57.178"/>
</kw>
<kw name="Click Element" library="Selenium2Library">
<arg>//TP-YT-PAPER-BUTTON[@id='button']</arg>
<doc>Click the element identified by ``locator``.</doc>
<msg timestamp="20210423 18:00:57.178" level="INFO">Clicking element '//TP-YT-PAPER-BUTTON[@id='button']'.</msg>
<kw name="Capture Page Screenshot" library="Selenium2Library">
<doc>Takes a screenshot of the current page and embeds it into a log file.</doc>
<msg timestamp="20210423 18:00:57.552" level="INFO" html="true">&lt;/td&gt;&lt;/tr&gt;&lt;tr&gt;&lt;td colspan="3"&gt;&lt;a href="selenium-screenshot-3.png"&gt;&lt;img src="selenium-screenshot-3.png" width="800px"&gt;&lt;/a&gt;</msg>
<status status="PASS" starttime="20210423 18:00:57.210" endtime="20210423 18:00:57.553"/>
</kw>
<msg timestamp="20210423 18:00:57.557" level="FAIL">ElementNotInteractableException: Message: Element &lt;tp-yt-paper-button id="button" class="style-scope ytd-button-renderer style-default size-default"&gt; could not be scrolled into view
</msg>
<status status="FAIL" starttime="20210423 18:00:57.178" endtime="20210423 18:00:57.557"/>
</kw>
<status status="FAIL" starttime="20210423 18:00:22.549" endtime="20210423 18:00:57.557"/>
</kw>
<status status="FAIL" starttime="20210423 18:00:22.548" endtime="20210423 18:00:57.558">ElementNotInteractableException: Message: Element &lt;tp-yt-paper-button id="button" class="style-scope ytd-button-renderer style-default size-default"&gt; could not be scrolled into view
</status>
</test>
<status status="FAIL" starttime="20210423 18:00:22.148" endtime="20210423 18:00:57.562"/>
</suite>
<statistics>
<total>
<stat pass="0" fail="1" skip="0">All Tests</stat>
</total>
<tag>
</tag>
<suite>
<stat pass="0" fail="1" skip="0" id="s1" name="Upload Youtube">Upload Youtube</stat>
</suite>
</statistics>
<errors>
</errors>
</robot>
