<?xml version="1.0" encoding="UTF-8"?>
<robot generator="Robot 4.0.1 (Python 3.9.4 on win32)" generated="20210425 20:13:43.040" rpa="false" schemaversion="2">
<suite id="s1" name="Arugument" source="D:\Youtube\Jerm Seyha\Arugument\arugument.robot">
<test id="s1-t1" name="Open Googles">
<kw name="Open Google">
<arg>${google}</arg>
<arg>chrome</arg>
<kw name="Open Browser" library="Selenium2Library">
<arg>${url}</arg>
<arg>${driver}</arg>
<doc>Opens a new browser instance to the optional ``url``.</doc>
<msg timestamp="20210425 20:13:43.434" level="INFO">Opening browser 'chrome' to base url 'https://www.google.com/'.</msg>
<status status="PASS" starttime="20210425 20:13:43.434" endtime="20210425 20:13:46.782"/>
</kw>
<kw name="Maximize Browser Window" library="Selenium2Library">
<doc>Maximizes current browser window.</doc>
<status status="PASS" starttime="20210425 20:13:46.782" endtime="20210425 20:13:46.922"/>
</kw>
<kw name="Wait Until Element Is Enabled" library="Selenium2Library">
<arg>//INPUT[@class='gLFyf gsfi']</arg>
<doc>Waits until the element ``locator`` is enabled.</doc>
<status status="PASS" starttime="20210425 20:13:46.922" endtime="20210425 20:13:47.007"/>
</kw>
<kw name="Input Text" library="Selenium2Library">
<arg>//INPUT[@class='gLFyf gsfi']</arg>
<arg>${Tola}</arg>
<doc>Types the given ``text`` into the text field identified by ``locator``.</doc>
<msg timestamp="20210425 20:13:47.008" level="INFO">Typing text 'Facebook' into text field '//INPUT[@class='gLFyf gsfi']'.</msg>
<status status="PASS" starttime="20210425 20:13:47.007" endtime="20210425 20:13:47.233"/>
</kw>
<status status="PASS" starttime="20210425 20:13:43.433" endtime="20210425 20:13:47.234"/>
</kw>
<status status="PASS" starttime="20210425 20:13:43.432" endtime="20210425 20:13:47.235"/>
</test>
<status status="PASS" starttime="20210425 20:13:43.043" endtime="20210425 20:13:47.240"/>
</suite>
<statistics>
<total>
<stat pass="1" fail="0" skip="0">All Tests</stat>
</total>
<tag>
</tag>
<suite>
<stat pass="1" fail="0" skip="0" id="s1" name="Arugument">Arugument</stat>
</suite>
</statistics>
<errors>
</errors>
</robot>
