<?xml version="1.0" encoding="UTF-8"?>
<robot generator="Robot 4.0.1 (Python 3.9.4 on win32)" generated="20210501 01:03:37.782" rpa="false" schemaversion="2">
<suite id="s1" name="Testcases" source="D:\Youtube\Homework\Testcases\testcases.robot">
<test id="s1-t1" name="I want to Open Google And Text In Searching">
<kw name="Learning Robot" library="keywords">
<arg>${Google}</arg>
<arg>Chrome</arg>
<kw name="Open Browser" library="Selenium2Library">
<arg>${url}</arg>
<arg>${driver}</arg>
<doc>Opens a new browser instance to the optional ``url``.</doc>
<msg timestamp="20210501 01:03:38.324" level="INFO">Opening browser 'Chrome' to base url 'https://www.google.com/'.</msg>
<status status="PASS" starttime="20210501 01:03:38.324" endtime="20210501 01:03:43.404"/>
</kw>
<status status="PASS" starttime="20210501 01:03:38.323" endtime="20210501 01:03:43.405"/>
</kw>
<kw name="Google and Text" library="keywords">
<kw name="Maximize Browser Window" library="Selenium2Library">
<doc>Maximizes current browser window.</doc>
<status status="PASS" starttime="20210501 01:03:43.407" endtime="20210501 01:03:43.585"/>
</kw>
<kw name="Wait Until Element Is Enabled" library="Selenium2Library">
<arg>//INPUT[@class='gLFyf gsfi']</arg>
<doc>Waits until the element ``locator`` is enabled.</doc>
<status status="PASS" starttime="20210501 01:03:43.585" endtime="20210501 01:03:43.687"/>
</kw>
<kw name="Input Text" library="Selenium2Library">
<arg>//INPUT[@class='gLFyf gsfi']</arg>
<arg>${Text}</arg>
<doc>Types the given ``text`` into the text field identified by ``locator``.</doc>
<msg timestamp="20210501 01:03:43.688" level="INFO">Typing text 'Facebook' into text field '//INPUT[@class='gLFyf gsfi']'.</msg>
<status status="PASS" starttime="20210501 01:03:43.687" endtime="20210501 01:03:43.909"/>
</kw>
<status status="PASS" starttime="20210501 01:03:43.405" endtime="20210501 01:03:43.910"/>
</kw>
<status status="PASS" starttime="20210501 01:03:38.322" endtime="20210501 01:03:43.911"/>
</test>
<status status="PASS" starttime="20210501 01:03:37.787" endtime="20210501 01:03:43.914"/>
</suite>
<statistics>
<total>
<stat pass="1" fail="0" skip="0">All Tests</stat>
</total>
<tag>
</tag>
<suite>
<stat pass="1" fail="0" skip="0" id="s1" name="Testcases">Testcases</stat>
</suite>
</statistics>
<errors>
</errors>
</robot>
