<?xml version="1.0" encoding="UTF-8"?>
<robot generator="Robot 4.0.1 (Python 3.9.4 on win32)" generated="20210415 21:28:33.250" rpa="false" schemaversion="2">
<suite id="s1" name="Youtube" source="D:\SH\youtube.robot">
<test id="s1-t1" name="login to youtube">
<kw name="SH">
<kw name="Open Browser" library="Selenium2Library">
<arg>https://www.youtube.com/</arg>
<arg>Chrome</arg>
<doc>Opens a new browser instance to the optional ``url``.</doc>
<msg timestamp="20210415 21:28:33.658" level="INFO">Opening browser 'Chrome' to base url 'https://www.youtube.com/'.</msg>
<status status="PASS" starttime="20210415 21:28:33.658" endtime="20210415 21:28:42.888"/>
</kw>
<status status="PASS" starttime="20210415 21:28:33.658" endtime="20210415 21:28:42.888"/>
</kw>
<status status="PASS" starttime="20210415 21:28:33.658" endtime="20210415 21:28:42.890"/>
</test>
<status status="PASS" starttime="20210415 21:28:33.250" endtime="20210415 21:28:42.896"/>
</suite>
<statistics>
<total>
<stat pass="1" fail="0" skip="0">All Tests</stat>
</total>
<tag>
</tag>
<suite>
<stat pass="1" fail="0" skip="0" id="s1" name="Youtube">Youtube</stat>
</suite>
</statistics>
<errors>
</errors>
</robot>
