<?xml version="1.0" encoding="UTF-8"?>
<robot generator="Robot 4.0.1 (Python 3.9.4 on win32)" generated="20210428 19:27:56.008" rpa="false" schemaversion="2">
<suite id="s1" name="Test" source="D:\Youtube\TestPython\Python\test.robot">
<test id="s1-t1" name="I want to open Python">
<kw name="Open Python">
<kw name="Open Browser" library="Selenium2Library">
<arg>${Python}</arg>
<arg>Chrome</arg>
<doc>Opens a new browser instance to the optional ``url``.</doc>
<msg timestamp="20210428 19:27:56.561" level="INFO">Opening browser 'Chrome' to base url 'https://www.tutorialspoint.com/software_testing_dictionary/api_testing.htm'.</msg>
<status status="PASS" starttime="20210428 19:27:56.560" endtime="20210428 19:28:01.811"/>
</kw>
<kw name="Maximize Browser Window" library="Selenium2Library">
<doc>Maximizes current browser window.</doc>
<status status="PASS" starttime="20210428 19:28:01.812" endtime="20210428 19:28:02.130"/>
</kw>
<status status="PASS" starttime="20210428 19:27:56.560" endtime="20210428 19:28:02.131"/>
</kw>
<kw name="Close All Browsers" library="Selenium2Library" type="TEARDOWN">
<doc>Closes all open browsers and resets the browser cache.</doc>
<status status="PASS" starttime="20210428 19:28:02.164" endtime="20210428 19:28:04.831"/>
</kw>
<status status="PASS" starttime="20210428 19:27:56.558" endtime="20210428 19:28:04.831"/>
</test>
<status status="PASS" starttime="20210428 19:27:56.012" endtime="20210428 19:28:04.834"/>
</suite>
<statistics>
<total>
<stat pass="1" fail="0" skip="0">All Tests</stat>
</total>
<tag>
</tag>
<suite>
<stat pass="1" fail="0" skip="0" id="s1" name="Test">Test</stat>
</suite>
</statistics>
<errors>
</errors>
</robot>
